c:\users\beastiality fetish\source\repos\dataspaceshooter\debug\vc142.pdb
c:\users\beastiality fetish\source\repos\dataspaceshooter\debug\vc142.idb
c:\users\beastiality fetish\source\repos\dataspaceshooter\debug\main.obj
c:\users\beastiality fetish\source\repos\dataspaceshooter\debug\gameprocess.obj
c:\users\beastiality fetish\source\repos\dataspaceshooter\debug\spaceshootergame.obj
c:\users\beastiality fetish\source\repos\dataspaceshooter\debug\singleton.obj
c:\users\beastiality fetish\source\repos\dataspaceshooter\debug\gamebase.obj
c:\users\beastiality fetish\source\repos\dataspaceshooter\debug\statics.obj
c:\users\beastiality fetish\source\repos\dataspaceshooter\debug\gameobject.obj
c:\users\beastiality fetish\source\repos\dataspaceshooter\debug\gameengine.obj
c:\users\beastiality fetish\source\repos\dataspaceshooter\debug\gametexture.obj
c:\users\beastiality fetish\source\repos\dataspaceshooter\debug\library.obj
c:\users\beastiality fetish\source\repos\dataspaceshooter\debug\vectorextensions.obj
c:\users\beastiality fetish\source\repos\dataspaceshooter\debug\spaceship.obj
c:\users\beastiality fetish\source\repos\dataspaceshooter\debug\room.obj
c:\users\beastiality fetish\source\repos\dataspaceshooter\debug\testlevel.obj
c:\users\beastiality fetish\source\repos\dataspaceshooter\debug\input.obj
c:\users\beastiality fetish\source\repos\dataspaceshooter\debug\textobject.obj
c:\users\beastiality fetish\source\repos\dataspaceshooter\debug\dataspaceshooterstatics.obj
c:\users\beastiality fetish\source\repos\dataspaceshooter\debug\playerobject.obj
c:\users\beastiality fetish\source\repos\dataspaceshooter\debug\multicastfunction.obj
c:\users\beastiality fetish\source\repos\dataspaceshooter\debug\gameui.obj
c:\users\beastiality fetish\source\repos\dataspaceshooter\debug\playerprojectile.obj
c:\users\beastiality fetish\source\repos\dataspaceshooter\debug\objectpool.obj
c:\users\beastiality fetish\source\repos\dataspaceshooter\debug\spaceshootergameobject.obj
c:\users\beastiality fetish\source\repos\dataspaceshooter\debug\enemyasteroid.obj
c:\users\beastiality fetish\source\repos\dataspaceshooter\debug\pair.obj
c:\users\beastiality fetish\source\repos\dataspaceshooter\debug\dataspaceshooter.exe
c:\users\beastiality fetish\source\repos\dataspaceshooter\debug\dataspaceshooter.ilk
c:\users\beastiality fetish\source\repos\dataspaceshooter\debug\dataspaceshooter.pdb
c:\users\beastiality fetish\source\repos\dataspaceshooter\debug\collider.obj
c:\users\beastiality fetish\source\repos\dataspaceshooter\debug\gameui.obj.enc
c:\users\beastiality fetish\source\repos\dataspaceshooter\debug\dataspaceshooter.tlog\cl.command.1.tlog
c:\users\beastiality fetish\source\repos\dataspaceshooter\debug\dataspaceshooter.tlog\cl.read.1.tlog
c:\users\beastiality fetish\source\repos\dataspaceshooter\debug\dataspaceshooter.tlog\cl.write.1.tlog
c:\users\beastiality fetish\source\repos\dataspaceshooter\debug\dataspaceshooter.tlog\link.command.1.tlog
c:\users\beastiality fetish\source\repos\dataspaceshooter\debug\dataspaceshooter.tlog\link.read.1.tlog
c:\users\beastiality fetish\source\repos\dataspaceshooter\debug\dataspaceshooter.tlog\link.write.1.tlog
