  EnemyAsteroid.cpp
D:\Dropbox\Dropbox\DataSpaceShooter\Random.h(18,14): warning C4244: 'initializing': conversion from 'float' to 'int', possible loss of data
D:\Dropbox\Dropbox\DataSpaceShooter\Random.h(25,13): warning C4244: 'argument': conversion from 'time_t' to 'unsigned int', possible loss of data
D:\Dropbox\Dropbox\DataSpaceShooter\ParticleEmissionShape.h(76,34): warning C4244: 'argument': conversion from 'int' to 'const float', possible loss of data
D:\Dropbox\Dropbox\DataSpaceShooter\ParticleEmissionShape.h(77,34): warning C4244: 'argument': conversion from 'int' to 'const float', possible loss of data
  EnemySpaceShip.cpp
D:\Dropbox\Dropbox\DataSpaceShooter\EnemySpaceShip.h(51,33): warning C4305: 'initializing': truncation from 'double' to 'const float'
D:\Dropbox\Dropbox\DataSpaceShooter\Random.h(18,14): warning C4244: 'initializing': conversion from 'float' to 'int', possible loss of data
D:\Dropbox\Dropbox\DataSpaceShooter\Random.h(25,13): warning C4244: 'argument': conversion from 'time_t' to 'unsigned int', possible loss of data
D:\Dropbox\Dropbox\DataSpaceShooter\ParticleEmissionShape.h(76,34): warning C4244: 'argument': conversion from 'int' to 'const float', possible loss of data
D:\Dropbox\Dropbox\DataSpaceShooter\ParticleEmissionShape.h(77,34): warning C4244: 'argument': conversion from 'int' to 'const float', possible loss of data
D:\Dropbox\Dropbox\DataSpaceShooter\EnemySpaceShip.cpp(177,10): warning C4244: 'initializing': conversion from 'float' to 'int', possible loss of data
  GameBase.cpp
  GameEngine.cpp
D:\Dropbox\Dropbox\DataSpaceShooter\Random.h(18,14): warning C4244: 'initializing': conversion from 'float' to 'int', possible loss of data
D:\Dropbox\Dropbox\DataSpaceShooter\Random.h(25,13): warning C4244: 'argument': conversion from 'time_t' to 'unsigned int', possible loss of data
D:\Dropbox\Dropbox\DataSpaceShooter\ParticleEmissionShape.h(76,34): warning C4244: 'argument': conversion from 'int' to 'const float', possible loss of data
D:\Dropbox\Dropbox\DataSpaceShooter\ParticleEmissionShape.h(77,34): warning C4244: 'argument': conversion from 'int' to 'const float', possible loss of data
  GameObject.cpp
  GameOverScreen.cpp
  GameUI.cpp
  Input.cpp
  ParticleSystem.cpp
D:\Dropbox\Dropbox\DataSpaceShooter\Random.h(18,14): warning C4244: 'initializing': conversion from 'float' to 'int', possible loss of data
D:\Dropbox\Dropbox\DataSpaceShooter\Random.h(25,13): warning C4244: 'argument': conversion from 'time_t' to 'unsigned int', possible loss of data
D:\Dropbox\Dropbox\DataSpaceShooter\ParticleEmissionShape.h(76,34): warning C4244: 'argument': conversion from 'int' to 'const float', possible loss of data
D:\Dropbox\Dropbox\DataSpaceShooter\ParticleEmissionShape.h(77,34): warning C4244: 'argument': conversion from 'int' to 'const float', possible loss of data
  Particle_AsteroidExplosion.cpp
D:\Dropbox\Dropbox\DataSpaceShooter\Random.h(18,14): warning C4244: 'initializing': conversion from 'float' to 'int', possible loss of data
D:\Dropbox\Dropbox\DataSpaceShooter\Random.h(25,13): warning C4244: 'argument': conversion from 'time_t' to 'unsigned int', possible loss of data
D:\Dropbox\Dropbox\DataSpaceShooter\ParticleEmissionShape.h(76,34): warning C4244: 'argument': conversion from 'int' to 'const float', possible loss of data
D:\Dropbox\Dropbox\DataSpaceShooter\ParticleEmissionShape.h(77,34): warning C4244: 'argument': conversion from 'int' to 'const float', possible loss of data
  Particle_ShipExplosion.cpp
D:\Dropbox\Dropbox\DataSpaceShooter\Random.h(18,14): warning C4244: 'initializing': conversion from 'float' to 'int', possible loss of data
D:\Dropbox\Dropbox\DataSpaceShooter\Random.h(25,13): warning C4244: 'argument': conversion from 'time_t' to 'unsigned int', possible loss of data
D:\Dropbox\Dropbox\DataSpaceShooter\ParticleEmissionShape.h(76,34): warning C4244: 'argument': conversion from 'int' to 'const float', possible loss of data
D:\Dropbox\Dropbox\DataSpaceShooter\ParticleEmissionShape.h(77,34): warning C4244: 'argument': conversion from 'int' to 'const float', possible loss of data
  Room.cpp
  SpaceShip.cpp
D:\Dropbox\Dropbox\DataSpaceShooter\Random.h(18,14): warning C4244: 'initializing': conversion from 'float' to 'int', possible loss of data
D:\Dropbox\Dropbox\DataSpaceShooter\Random.h(25,13): warning C4244: 'argument': conversion from 'time_t' to 'unsigned int', possible loss of data
D:\Dropbox\Dropbox\DataSpaceShooter\ParticleEmissionShape.h(76,34): warning C4244: 'argument': conversion from 'int' to 'const float', possible loss of data
D:\Dropbox\Dropbox\DataSpaceShooter\ParticleEmissionShape.h(77,34): warning C4244: 'argument': conversion from 'int' to 'const float', possible loss of data
  SpaceShooterGame.cpp
  Statics.cpp
  TestLevel.cpp
D:\Dropbox\Dropbox\DataSpaceShooter\Random.h(18,14): warning C4244: 'initializing': conversion from 'float' to 'int', possible loss of data
D:\Dropbox\Dropbox\DataSpaceShooter\Random.h(25,13): warning C4244: 'argument': conversion from 'time_t' to 'unsigned int', possible loss of data
D:\Dropbox\Dropbox\DataSpaceShooter\ParticleEmissionShape.h(76,34): warning C4244: 'argument': conversion from 'int' to 'const float', possible loss of data
D:\Dropbox\Dropbox\DataSpaceShooter\ParticleEmissionShape.h(77,34): warning C4244: 'argument': conversion from 'int' to 'const float', possible loss of data
D:\Dropbox\Dropbox\DataSpaceShooter\EnemySpaceShip.h(51,33): warning C4305: 'initializing': truncation from 'double' to 'const float'
  TextObject.cpp
  WaveSpawner.cpp
D:\Dropbox\Dropbox\DataSpaceShooter\Random.h(18,14): warning C4244: 'initializing': conversion from 'float' to 'int', possible loss of data
D:\Dropbox\Dropbox\DataSpaceShooter\Random.h(25,13): warning C4244: 'argument': conversion from 'time_t' to 'unsigned int', possible loss of data
D:\Dropbox\Dropbox\DataSpaceShooter\ParticleEmissionShape.h(76,34): warning C4244: 'argument': conversion from 'int' to 'const float', possible loss of data
D:\Dropbox\Dropbox\DataSpaceShooter\ParticleEmissionShape.h(77,34): warning C4244: 'argument': conversion from 'int' to 'const float', possible loss of data
D:\Dropbox\Dropbox\DataSpaceShooter\EnemySpaceShip.h(51,33): warning C4305: 'initializing': truncation from 'double' to 'const float'
  main.cpp
  Generating Code...
  DataSpaceShooter.vcxproj -> D:\Dropbox\Dropbox\DataSpaceShooter\Debug\DataSpaceShooter.exe
