  Collider.cpp
C:\Users\Justus.Horberg\Dropbox\DataSpaceShooter\Library.h(2,10): fatal error C1083: Cannot open include file: 'SDL.h': No such file or directory
  DataSpaceShooterStatics.cpp
  EnemyAsteroid.cpp
C:\Users\Justus.Horberg\Dropbox\DataSpaceShooter\Library.h(2,10): fatal error C1083: Cannot open include file: 'SDL.h': No such file or directory
  EnemyProjectile.cpp
C:\Users\Justus.Horberg\Dropbox\DataSpaceShooter\Projectile.h(3,10): fatal error C1083: Cannot open include file: 'SDL.h': No such file or directory
  EnemySpaceShip.cpp
C:\Users\Justus.Horberg\Dropbox\DataSpaceShooter\EnemySpaceShip.cpp : fatal error C1041: cannot open program database 'C:\Users\Justus.Horberg\Dropbox\DataSpaceShooter\x64\Debug\vc142.pdb'; if multiple CL.EXE write to the same .PDB file, please use /FS
  GameBase.cpp
C:\Users\Justus.Horberg\Dropbox\DataSpaceShooter\GameBase.cpp : fatal error C1041: cannot open program database 'C:\Users\Justus.Horberg\Dropbox\DataSpaceShooter\x64\Debug\vc142.idb'; if multiple CL.EXE write to the same .PDB file, please use /FS
  GameEngine.cpp
C:\Users\Justus.Horberg\Dropbox\DataSpaceShooter\GameEngine.h(3,10): fatal error C1083: Cannot open include file: 'SDL.h': No such file or directory
  GameObject.cpp
C:\Users\Justus.Horberg\Dropbox\DataSpaceShooter\GameObject.cpp : fatal error C1041: cannot open program database 'C:\Users\Justus.Horberg\Dropbox\DataSpaceShooter\x64\Debug\vc142.pdb'; if multiple CL.EXE write to the same .PDB file, please use /FS
  GameTexture.cpp
C:\Users\Justus.Horberg\Dropbox\DataSpaceShooter\GameTexture.cpp : fatal error C1041: cannot open program database 'C:\Users\Justus.Horberg\Dropbox\DataSpaceShooter\x64\Debug\vc142.idb'; if multiple CL.EXE write to the same .PDB file, please use /FS
  GameUI.cpp
C:\Users\Justus.Horberg\Dropbox\DataSpaceShooter\Library.h(2,10): fatal error C1083: Cannot open include file: 'SDL.h': No such file or directory
  Input.cpp
C:\Users\Justus.Horberg\Dropbox\DataSpaceShooter\Input.cpp : fatal error C1041: cannot open program database 'C:\Users\Justus.Horberg\Dropbox\DataSpaceShooter\x64\Debug\vc142.pdb'; if multiple CL.EXE write to the same .PDB file, please use /FS
  MulticastFunction.cpp
C:\Users\Justus.Horberg\Dropbox\DataSpaceShooter\MulticastFunction.cpp : fatal error C1041: cannot open program database 'C:\Users\Justus.Horberg\Dropbox\DataSpaceShooter\x64\Debug\vc142.idb'; if multiple CL.EXE write to the same .PDB file, please use /FS
  ObjectPool.cpp
C:\Users\Justus.Horberg\Dropbox\DataSpaceShooter\Library.h(2,10): fatal error C1083: Cannot open include file: 'SDL.h': No such file or directory
  Pair.cpp
C:\Users\Justus.Horberg\Dropbox\DataSpaceShooter\Pair.cpp : fatal error C1041: cannot open program database 'C:\Users\Justus.Horberg\Dropbox\DataSpaceShooter\x64\Debug\vc142.pdb'; if multiple CL.EXE write to the same .PDB file, please use /FS
  Particle.cpp
C:\Users\Justus.Horberg\Dropbox\DataSpaceShooter\Particle.cpp : fatal error C1041: cannot open program database 'C:\Users\Justus.Horberg\Dropbox\DataSpaceShooter\x64\Debug\vc142.idb'; if multiple CL.EXE write to the same .PDB file, please use /FS
  ParticleSystem.cpp
C:\Users\Justus.Horberg\Dropbox\DataSpaceShooter\Library.h(2,10): fatal error C1083: Cannot open include file: 'SDL.h': No such file or directory
  Particle_AsteroidExplosion.cpp
C:\Users\Justus.Horberg\Dropbox\DataSpaceShooter\Particle_AsteroidExplosion.cpp : fatal error C1041: cannot open program database 'C:\Users\Justus.Horberg\Dropbox\DataSpaceShooter\x64\Debug\vc142.pdb'; if multiple CL.EXE write to the same .PDB file, please use /FS
  Particle_ShipExplosion.cpp
C:\Users\Justus.Horberg\Dropbox\DataSpaceShooter\Library.h(2,10): fatal error C1083: Cannot open include file: 'SDL.h': No such file or directory
  PlayerObject.cpp
C:\Users\Justus.Horberg\Dropbox\DataSpaceShooter\PlayerObject.cpp : fatal error C1041: cannot open program database 'C:\Users\Justus.Horberg\Dropbox\DataSpaceShooter\x64\Debug\vc142.pdb'; if multiple CL.EXE write to the same .PDB file, please use /FS
  main.cpp
C:\Users\Justus.Horberg\Dropbox\DataSpaceShooter\main.cpp(1,10): fatal error C1083: Cannot open include file: 'SDL.h': No such file or directory
  Generating Code...
  Compiling...
  PlayerProjectile.cpp
C:\Users\Justus.Horberg\Dropbox\DataSpaceShooter\PlayerProjectile.cpp : fatal error C1041: cannot open program database 'C:\Users\Justus.Horberg\Dropbox\DataSpaceShooter\x64\Debug\vc142.pdb'; if multiple CL.EXE write to the same .PDB file, please use /FS
  Projectile.cpp
C:\Users\Justus.Horberg\Dropbox\DataSpaceShooter\Projectile.h(3,10): fatal error C1083: Cannot open include file: 'SDL.h': No such file or directory
  Room.cpp
C:\Users\Justus.Horberg\Dropbox\DataSpaceShooter\Room.cpp : fatal error C1041: cannot open program database 'C:\Users\Justus.Horberg\Dropbox\DataSpaceShooter\x64\Debug\vc142.pdb'; if multiple CL.EXE write to the same .PDB file, please use /FS
  Library.cpp
C:\Users\Justus.Horberg\Dropbox\DataSpaceShooter\Library.cpp : fatal error C1041: cannot open program database 'C:\Users\Justus.Horberg\Dropbox\DataSpaceShooter\x64\Debug\vc142.idb'; if multiple CL.EXE write to the same .PDB file, please use /FS
  SpaceShip.cpp
C:\Users\Justus.Horberg\Dropbox\DataSpaceShooter\Library.h(2,10): fatal error C1083: Cannot open include file: 'SDL.h': No such file or directory
  SpaceShooterGame.cpp
C:\Users\Justus.Horberg\Dropbox\DataSpaceShooter\Library.h(2,10): fatal error C1083: Cannot open include file: 'SDL.h': No such file or directory
  Statics.cpp
C:\Users\Justus.Horberg\Dropbox\DataSpaceShooter\Statics.cpp : fatal error C1041: cannot open program database 'C:\Users\Justus.Horberg\Dropbox\DataSpaceShooter\x64\Debug\vc142.pdb'; if multiple CL.EXE write to the same .PDB file, please use /FS
  TestLevel.cpp
C:\Users\Justus.Horberg\Dropbox\DataSpaceShooter\Library.h(2,10): fatal error C1083: Cannot open include file: 'SDL.h': No such file or directory
  TextObject.cpp
C:\Users\Justus.Horberg\Dropbox\DataSpaceShooter\TextObject.cpp : fatal error C1041: cannot open program database 'C:\Users\Justus.Horberg\Dropbox\DataSpaceShooter\x64\Debug\vc142.pdb'; if multiple CL.EXE write to the same .PDB file, please use /FS
  VectorExtensions.cpp
  Generating Code...
