  GameBase.cpp
C:\Users\BEASTIALITY FETISH\source\repos\DataSpaceShooter\Library.h(2,10): fatal error C1083: Cannot open include file: 'SDL.h': No such file or directory
  GameEngine.cpp
C:\Users\BEASTIALITY FETISH\source\repos\DataSpaceShooter\GameEngine.h(3,10): fatal error C1083: Cannot open include file: 'SDL.h': No such file or directory
  GameObject.cpp
C:\Users\BEASTIALITY FETISH\source\repos\DataSpaceShooter\Library.h(2,10): fatal error C1083: Cannot open include file: 'SDL.h': No such file or directory
  GameTexture.cpp
C:\Users\BEASTIALITY FETISH\source\repos\DataSpaceShooter\Library.h(2,10): fatal error C1083: Cannot open include file: 'SDL.h': No such file or directory
  Input.cpp
C:\Users\BEASTIALITY FETISH\source\repos\DataSpaceShooter\Input.h(3,10): fatal error C1083: Cannot open include file: 'SDL.h': No such file or directory
  main.cpp
C:\Users\BEASTIALITY FETISH\source\repos\DataSpaceShooter\main.cpp(1,10): fatal error C1083: Cannot open include file: 'SDL.h': No such file or directory
  Room.cpp
C:\Users\BEASTIALITY FETISH\source\repos\DataSpaceShooter\Library.h(2,10): fatal error C1083: Cannot open include file: 'SDL.h': No such file or directory
  Singleton.cpp
  Library.cpp
C:\Users\BEASTIALITY FETISH\source\repos\DataSpaceShooter\Library.h(2,10): fatal error C1083: Cannot open include file: 'SDL.h': No such file or directory
  SpaceShip.cpp
C:\Users\BEASTIALITY FETISH\source\repos\DataSpaceShooter\Library.h(2,10): fatal error C1083: Cannot open include file: 'SDL.h': No such file or directory
  SpaceShooterGame.cpp
C:\Users\BEASTIALITY FETISH\source\repos\DataSpaceShooter\Library.h(2,10): fatal error C1083: Cannot open include file: 'SDL.h': No such file or directory
  Statics.cpp
C:\Users\BEASTIALITY FETISH\source\repos\DataSpaceShooter\GameEngine.h(3,10): fatal error C1083: Cannot open include file: 'SDL.h': No such file or directory
  TestLevel.cpp
C:\Users\BEASTIALITY FETISH\source\repos\DataSpaceShooter\Library.h(2,10): fatal error C1083: Cannot open include file: 'SDL.h': No such file or directory
  VectorExtensions.cpp
